[LOGGER STARTED]

SOYUZ:[NOTANERROR] patching Hediff:Void Tick() is not possible! Patch attempt skipped

SOYUZ:[NOTANERROR] patching Hediff:Void Tick() is not possible! Patch attempt skipped

SOYUZ:[NOTANERROR] patching Hediff:Void Tick() is not possible! Patch attempt skipped

SOYUZ:[NOTANERROR] patching Hediff:Void Tick() is not possible! Patch attempt skipped

SOYUZ:[NOTANERROR] patching Hediff:Void Tick() is not possible! Patch attempt skipped

SOYUZ:[NOTANERROR] patching Hediff:Void Tick() is not possible! Patch attempt skipped

SOYUZ:[NOTANERROR] patching Hediff:Void Tick() is not possible! Patch attempt skipped

SOYUZ:[NOTANERROR] patching Hediff:Void Tick() is not possible! Patch attempt skipped

SOYUZ:[NOTANERROR] patching Hediff:Void Tick() is not possible! Patch attempt skipped

SOYUZ:[NOTANERROR] patching Hediff_DeathRefusal:Void Tick() is not possible! Patch attempt skipped

SOYUZ:[NOTANERROR] patching Hediff:Void Tick() is not possible! Patch attempt skipped

SOYUZ:[NOTANERROR] patching Hediff:Void Tick() is not possible! Patch attempt skipped

SOYUZ:[NOTANERROR] patching Hediff:Void Tick() is not possible! Patch attempt skipped

SOYUZ:[NOTANERROR] patching Hediff:Void Tick() is not possible! Patch attempt skipped

SOYUZ:[NOTANERROR] patching Hediff:Void Tick() is not possible! Patch attempt skipped

SOYUZ:[NOTANERROR] patching Hediff:Void Tick() is not possible! Patch attempt skipped

SOYUZ:[NOTANERROR] patching Hediff:Void Tick() is not possible! Patch attempt skipped

SOYUZ:[NOTANERROR] patching Hediff:Void Tick() is not possible! Patch attempt skipped

SOYUZ:[NOTANERROR] patching Hediff:Void Tick() is not possible! Patch attempt skipped

SOYUZ:[NOTANERROR] patching Hediff:Void Tick() is not possible! Patch attempt skipped

SOYUZ:[NOTANERROR] patching Hediff:Void Tick() is not possible! Patch attempt skipped

SOYUZ:[NOTANERROR] patching Hediff:Void Tick() is not possible! Patch attempt skipped

SOYUZ:[NOTANERROR] patching Hediff:Void Tick() is not possible! Patch attempt skipped

SOYUZ:[NOTANERROR] patching Hediff_Level:Void Tick() is not possible! Patch attempt skipped

SOYUZ:[NOTANERROR] patching Hediff:Void Tick() is not possible! Patch attempt skipped

SOYUZ:[NOTANERROR] patching Hediff:Void Tick() is not possible! Patch attempt skipped

SOYUZ:[NOTANERROR] patching Hediff:Void Tick() is not possible! Patch attempt skipped

SOYUZ:[NOTANERROR] patching Hediff:Void Tick() is not possible! Patch attempt skipped

SOYUZ:[NOTANERROR] patching Hediff:Void Tick() is not possible! Patch attempt skipped

SOYUZ:[NOTANERROR] patching Hediff:Void Tick() is not possible! Patch attempt skipped

SOYUZ:[NOTANERROR] patching Hediff:Void Tick() is not possible! Patch attempt skipped

SOYUZ:[NOTANERROR] patching HediffComp:Void CompPostTick(Single ByRef) is not possible! Patch attempt skipped

SOYUZ:[NOTANERROR] patching HediffComp:Void CompPostTick(Single ByRef) is not possible! Patch attempt skipped

SOYUZ:[NOTANERROR] patching HediffComp_DisappearsPausable:Void CompPostTick(Single ByRef) is not possible! Patch attempt skipped

SOYUZ:[NOTANERROR] patching HediffComp_DisappearsPausable:Void CompPostTick(Single ByRef) is not possible! Patch attempt skipped

SOYUZ:[NOTANERROR] patching HediffComp_DisappearsPausable:Void CompPostTick(Single ByRef) is not possible! Patch attempt skipped

SOYUZ:[NOTANERROR] patching HediffComp:Void CompPostTick(Single ByRef) is not possible! Patch attempt skipped

SOYUZ:[NOTANERROR] patching HediffComp:Void CompPostTick(Single ByRef) is not possible! Patch attempt skipped

SOYUZ:[NOTANERROR] patching HediffComp:Void CompPostTick(Single ByRef) is not possible! Patch attempt skipped

SOYUZ:[NOTANERROR] patching HediffComp:Void CompPostTick(Single ByRef) is not possible! Patch attempt skipped

SOYUZ:[NOTANERROR] patching HediffComp:Void CompPostTick(Single ByRef) is not possible! Patch attempt skipped

SOYUZ:[NOTANERROR] patching HediffComp:Void CompPostTick(Single ByRef) is not possible! Patch attempt skipped

SOYUZ:[NOTANERROR] patching HediffComp:Void CompPostTick(Single ByRef) is not possible! Patch attempt skipped

SOYUZ:[NOTANERROR] patching HediffComp:Void CompPostTick(Single ByRef) is not possible! Patch attempt skipped

SOYUZ:[NOTANERROR] patching HediffComp:Void CompPostTick(Single ByRef) is not possible! Patch attempt skipped

SOYUZ:[NOTANERROR] patching HediffComp:Void CompPostTick(Single ByRef) is not possible! Patch attempt skipped

SOYUZ:[NOTANERROR] patching HediffComp_Chargeable:Void CompPostTick(Single ByRef) is not possible! Patch attempt skipped

SOYUZ:[NOTANERROR] patching HediffComp:Void CompPostTick(Single ByRef) is not possible! Patch attempt skipped

SOYUZ:[NOTANERROR] patching HediffComp:Void CompPostTick(Single ByRef) is not possible! Patch attempt skipped

SOYUZ:[NOTANERROR] patching HediffComp:Void CompPostTick(Single ByRef) is not possible! Patch attempt skipped

SOYUZ:[NOTANERROR] patching HediffComp:Void CompPostTick(Single ByRef) is not possible! Patch attempt skipped

SOYUZ:[NOTANERROR] patching HediffComp_Randomizer:Void CompPostTick(Single ByRef) is not possible! Patch attempt skipped

SOYUZ:[NOTANERROR] patching HediffComp:Void CompPostTick(Single ByRef) is not possible! Patch attempt skipped

SOYUZ:[NOTANERROR] patching HediffComp:Void CompPostTick(Single ByRef) is not possible! Patch attempt skipped

SOYUZ:[NOTANERROR] patching HediffComp:Void CompPostTick(Single ByRef) is not possible! Patch attempt skipped

SOYUZ:[NOTANERROR] patching HediffComp:Void CompPostTick(Single ByRef) is not possible! Patch attempt skipped

SOYUZ:[NOTANERROR] patching HediffComp:Void CompPostTick(Single ByRef) is not possible! Patch attempt skipped

SOYUZ:[NOTANERROR] patching HediffComp_SeverityModifierBase:Void CompPostTick(Single ByRef) is not possible! Patch attempt skipped

SOYUZ:[NOTANERROR] patching HediffComp_SeverityModifierBase:Void CompPostTick(Single ByRef) is not possible! Patch attempt skipped

SOYUZ:[NOTANERROR] patching HediffComp_SeverityModifierBase:Void CompPostTick(Single ByRef) is not possible! Patch attempt skipped

SOYUZ:[NOTANERROR] patching HediffComp:Void CompPostTick(Single ByRef) is not possible! Patch attempt skipped

SOYUZ:[NOTANERROR] patching HediffComp:Void CompPostTick(Single ByRef) is not possible! Patch attempt skipped

SOYUZ:[NOTANERROR] patching HediffComp:Void CompPostTick(Single ByRef) is not possible! Patch attempt skipped

SOYUZ:[NOTANERROR] patching HediffComp:Void CompPostTick(Single ByRef) is not possible! Patch attempt skipped

SOYUZ:[NOTANERROR] patching HediffComp:Void CompPostTick(Single ByRef) is not possible! Patch attempt skipped

SOYUZ:[NOTANERROR] patching HediffComp:Void CompPostTick(Single ByRef) is not possible! Patch attempt skipped

SOYUZ:[NOTANERROR] patching HediffComp:Void CompPostTick(Single ByRef) is not possible! Patch attempt skipped

SOYUZ:[NOTANERROR] patching HediffComp:Void CompPostTick(Single ByRef) is not possible! Patch attempt skipped

SOYUZ:[NOTANERROR] patching HediffComp:Void CompPostTick(Single ByRef) is not possible! Patch attempt skipped

ROCKETMAN:[NOTANERROR] patching ThingWithComps:Void Notify_Equipped(Verse.Pawn) is not possible! Patch attempt skipped

ROCKETMAN:[NOTANERROR] patching ThingWithComps:Void Notify_UsedWeapon(Verse.Pawn) is not possible! Patch attempt skipped
